TN:s21_test
SF:/home/brain/Рабочий стол/MAIN/String/C2_s21_stringplus-2/src/CORE/s21_add_decimal_point.c
FN:3,11,s21_add_decimal_point
FNDA:3,s21_add_decimal_point
FNF:1
FNH:1
DA:3,3
DA:4,3
DA:5,2
DA:6,2
DA:7,2
DA:8,2
DA:11,3
LF:7
LH:7
end_of_record
TN:s21_test
SF:/home/brain/Рабочий стол/MAIN/String/C2_s21_stringplus-2/src/CORE/s21_float_to_fixed.c
FN:3,52,s21_float_to_fixed
FNDA:14,s21_float_to_fixed
FNF:1
FNH:1
DA:3,14
DA:4,14
DA:6,14
DA:7,14
DA:9,14
DA:10,4
DA:11,4
DA:14,14
DA:15,14
DA:17,14
DA:18,14
DA:20,33
DA:21,33
DA:22,33
DA:24,47
DA:25,33
DA:28,14
DA:29,12
DA:30,66
DA:31,54
DA:32,54
DA:33,54
DA:34,54
DA:37,12
DA:38,3
DA:39,6
DA:40,3
DA:41,0
DA:43,3
DA:44,3
DA:50,14
DA:51,14
DA:52,14
LF:33
LH:32
end_of_record
TN:s21_test
SF:/home/brain/Рабочий стол/MAIN/String/C2_s21_stringplus-2/src/CORE/s21_float_to_g_str.c
FN:3,30,s21_float_to_g_str
FNDA:4,s21_float_to_g_str
FNF:1
FNH:1
DA:3,4
DA:5,4
DA:7,4
DA:9,4
DA:10,0
DA:11,0
DA:14,4
DA:15,4
DA:17,4
DA:18,4
DA:19,4
DA:20,8
DA:21,4
DA:23,4
DA:24,1
DA:29,4
LF:16
LH:14
end_of_record
TN:s21_test
SF:/home/brain/Рабочий стол/MAIN/String/C2_s21_stringplus-2/src/CORE/s21_float_to_str.c
FN:3,102,s21_float_to_str
FNDA:14,s21_float_to_str
FNF:1
FNH:1
DA:3,14
DA:6,14
DA:8,14
DA:9,14
DA:11,14
DA:12,5
DA:13,5
DA:14,22
DA:15,18
DA:16,18
DA:18,4
DA:19,0
DA:20,0
DA:24,5
DA:25,5
DA:27,5
DA:28,5
DA:29,5
DA:30,23
DA:31,18
DA:32,18
DA:33,18
DA:34,18
DA:38,5
DA:39,2
DA:40,4
DA:41,2
DA:42,0
DA:44,2
DA:45,2
DA:50,5
DA:51,5
DA:52,0
DA:53,0
DA:55,5
DA:58,5
DA:59,5
DA:61,9
DA:62,9
DA:64,9
DA:65,9
DA:67,21
DA:68,21
DA:69,21
DA:71,30
DA:72,21
DA:75,9
DA:76,9
DA:77,37
DA:78,28
DA:79,28
DA:80,28
DA:81,28
DA:85,9
DA:86,4
DA:87,9
DA:88,5
DA:89,5
DA:90,1
DA:92,4
DA:93,4
DA:99,14
DA:100,14
DA:101,14
LF:64
LH:59
end_of_record
TN:s21_test
SF:/home/brain/Рабочий стол/MAIN/String/C2_s21_stringplus-2/src/CORE/s21_insert.c
FN:3,25,s21_insert
FNDA:3,s21_insert
FNF:1
FNH:1
DA:3,3
DA:4,3
DA:5,3
DA:6,3
DA:8,3
DA:9,1
DA:10,1
DA:11,6
DA:12,5
DA:15,8
DA:16,7
DA:19,3
DA:20,2
DA:24,3
LF:14
LH:14
end_of_record
TN:s21_test
SF:/home/brain/Рабочий стол/MAIN/String/C2_s21_stringplus-2/src/CORE/s21_int_to_str.c
FN:3,31,s21_int_to_str
FNDA:26,s21_int_to_str
FNF:1
FNH:1
DA:3,26
DA:5,26
DA:7,26
DA:8,0
DA:11,26
DA:12,26
DA:14,26
DA:15,4
DA:17,22
DA:18,22
DA:20,119
DA:21,97
DA:22,97
DA:25,22
DA:26,2
DA:30,26
LF:16
LH:15
end_of_record
TN:s21_test
SF:/home/brain/Рабочий стол/MAIN/String/C2_s21_stringplus-2/src/CORE/s21_isdigit.c
FN:3,6,s21_isdigit
FNDA:31,s21_isdigit
FNF:1
FNH:1
DA:3,31
DA:4,31
DA:5,31
LF:3
LH:3
end_of_record
TN:s21_test
SF:/home/brain/Рабочий стол/MAIN/String/C2_s21_stringplus-2/src/CORE/s21_memchr.c
FN:3,12,s21_memchr
FNDA:7,s21_memchr
FNF:1
FNH:1
DA:3,7
DA:4,7
DA:5,7
DA:6,44
DA:7,37
DA:8,5
DA:11,7
LF:7
LH:7
end_of_record
TN:s21_test
SF:/home/brain/Рабочий стол/MAIN/String/C2_s21_stringplus-2/src/CORE/s21_memcmp.c
FN:3,13,s21_memcmp
FNDA:5,s21_memcmp
FNF:1
FNH:1
DA:3,5
DA:4,5
DA:5,5
DA:6,5
DA:7,14
DA:8,9
DA:9,4
DA:12,5
LF:8
LH:8
end_of_record
TN:s21_test
SF:/home/brain/Рабочий стол/MAIN/String/C2_s21_stringplus-2/src/CORE/s21_memcpy.c
FN:3,10,s21_memcpy
FNDA:5,s21_memcpy
FNF:1
FNH:1
DA:3,5
DA:4,5
DA:5,5
DA:6,23
DA:7,18
DA:9,5
LF:6
LH:6
end_of_record
TN:s21_test
SF:/home/brain/Рабочий стол/MAIN/String/C2_s21_stringplus-2/src/CORE/s21_memset.c
FN:3,9,s21_memset
FNDA:87,s21_memset
FNF:1
FNH:1
DA:3,87
DA:4,87
DA:5,16858
DA:6,16771
DA:8,87
LF:5
LH:5
end_of_record
TN:s21_test
SF:/home/brain/Рабочий стол/MAIN/String/C2_s21_stringplus-2/src/CORE/s21_sprintf.c
FN:124,230,s21_parse_format
FN:3,122,s21_sprintf
FNDA:24,s21_parse_format
FNDA:24,s21_sprintf
FNF:2
FNH:2
DA:3,24
DA:5,24
DA:7,24
DA:8,24
DA:11,238
DA:12,214
DA:13,190
DA:15,24
DA:16,24
DA:19,24
DA:21,24
DA:22,1
DA:23,1
DA:24,1
DA:25,23
DA:26,10
DA:27,10
DA:28,5
DA:29,5
DA:30,5
DA:31,18
DA:32,18
DA:33,4
DA:34,2
DA:35,2
DA:37,2
DA:38,2
DA:39,0
DA:40,2
DA:41,2
DA:42,16
DA:43,2
DA:44,2
DA:45,14
DA:46,10
DA:47,9
DA:48,1
DA:49,5
DA:50,5
DA:51,5
DA:52,11
DA:53,0
DA:54,2
DA:55,2
DA:57,2
DA:58,2
DA:59,0
DA:61,2
DA:62,11
DA:63,8
DA:64,8
DA:65,0
DA:66,4
DA:67,4
DA:68,4
DA:69,1
DA:72,3
DA:73,2
DA:75,3
DA:77,3
DA:78,2
DA:79,2
DA:80,0
DA:81,1
DA:82,1
DA:83,1
DA:84,1
DA:85,2
DA:86,1
DA:87,1
DA:88,1
DA:89,1
DA:90,1
DA:91,1
DA:92,1
DA:95,24
DA:96,24
DA:97,2
DA:98,8
DA:99,6
DA:103,24
DA:104,23
DA:105,0
DA:106,24
DA:107,24
DA:108,24
DA:110,24
DA:111,1
DA:112,4
DA:113,3
DA:119,24
DA:120,24
DA:121,24
DA:124,24
DA:125,24
DA:126,24
DA:128,54
DA:129,6
DA:130,1
DA:131,1
DA:132,1
DA:133,1
DA:134,1
DA:135,1
DA:136,0
DA:137,0
DA:138,0
DA:139,3
DA:140,3
DA:141,3
DA:142,1
DA:143,1
DA:144,1
DA:148,24
DA:149,0
DA:150,0
DA:152,27
DA:153,3
DA:157,24
DA:158,2
DA:159,2
DA:160,2
DA:161,0
DA:162,0
DA:164,4
DA:165,2
DA:170,24
DA:171,2
DA:172,1
DA:173,1
DA:174,1
DA:175,1
DA:176,1
DA:177,1
DA:178,0
DA:179,0
DA:180,0
DA:184,24
DA:185,24
DA:186,1
DA:187,1
DA:188,1
DA:189,5
DA:190,5
DA:191,5
DA:192,2
DA:193,2
DA:194,2
DA:195,2
DA:196,2
DA:197,2
DA:198,5
DA:199,5
DA:200,5
DA:201,0
DA:202,0
DA:203,0
DA:204,0
DA:205,0
DA:206,0
DA:207,1
DA:208,1
DA:209,1
DA:210,1
DA:211,1
DA:212,1
DA:213,3
DA:214,3
DA:215,3
DA:216,1
DA:217,1
DA:218,1
DA:219,1
DA:220,1
DA:221,1
DA:222,1
DA:223,1
DA:224,1
DA:225,1
DA:226,1
DA:227,1
DA:230,24
LF:182
LH:160
end_of_record
TN:s21_test
SF:/home/brain/Рабочий стол/MAIN/String/C2_s21_stringplus-2/src/CORE/s21_strcat.c
FN:5,17,s21_strcat
FNDA:13,s21_strcat
FNF:1
FNH:1
DA:5,13
DA:6,13
DA:7,11
DA:8,11
DA:9,63
DA:10,52
DA:12,11
DA:14,2
DA:16,13
LF:9
LH:9
end_of_record
TN:s21_test
SF:/home/brain/Рабочий стол/MAIN/String/C2_s21_stringplus-2/src/CORE/s21_strchr.c
FN:3,16,s21_strchr
FNDA:127,s21_strchr
FNF:1
FNH:1
DA:3,127
DA:4,127
DA:5,127
DA:6,914
DA:7,787
DA:8,40
DA:10,787
DA:12,127
DA:13,1
DA:15,127
LF:10
LH:10
end_of_record
TN:s21_test
SF:/home/brain/Рабочий стол/MAIN/String/C2_s21_stringplus-2/src/CORE/s21_strcspn.c
FN:3,34,s21_strcspn
FNDA:6,s21_strcspn
FNF:1
FNH:1
DA:3,6
DA:4,6
DA:5,6
DA:6,6
DA:7,6
DA:8,6
DA:9,16
DA:10,10
DA:11,1
DA:12,1
DA:13,1
DA:15,10
DA:16,9
DA:18,71
DA:19,61
DA:21,1
DA:22,60
DA:23,2
DA:25,61
DA:26,32
DA:30,6
DA:31,2
DA:33,6
LF:23
LH:23
end_of_record
TN:s21_test
SF:/home/brain/Рабочий стол/MAIN/String/C2_s21_stringplus-2/src/CORE/s21_strerror.c
FN:126,263,get_error_messages
FN:268,286,s21_strerror
FN:288,311,s21_errnum_tostring
FNDA:4,get_error_messages
FNDA:4,s21_strerror
FNDA:2,s21_errnum_tostring
FNF:3
FNH:3
DA:126,4
DA:262,4
DA:268,4
DA:269,4
DA:270,4
DA:271,4
DA:275,2
DA:276,2
DA:278,2
DA:279,2
DA:282,2
DA:285,4
DA:288,2
DA:289,2
DA:290,2
DA:291,1
DA:292,1
DA:295,2
DA:297,19
DA:298,19
DA:299,19
DA:301,2
DA:302,1
DA:305,2
DA:306,12
DA:307,10
DA:308,10
DA:309,10
DA:311,2
LF:29
LH:29
end_of_record
TN:s21_test
SF:/home/brain/Рабочий стол/MAIN/String/C2_s21_stringplus-2/src/CORE/s21_strlen.c
FN:3,12,s21_strlen
FNDA:133,s21_strlen
FNF:1
FNH:1
DA:3,133
DA:4,133
DA:5,133
DA:6,133
DA:7,864
DA:8,731
DA:11,133
LF:7
LH:7
end_of_record
TN:s21_test
SF:/home/brain/Рабочий стол/MAIN/String/C2_s21_stringplus-2/src/CORE/s21_strncat.c
FN:3,14,s21_strncat
FNDA:2,s21_strncat
FNF:1
FNH:1
DA:3,2
DA:4,2
DA:5,2
DA:6,9
DA:7,7
DA:9,15
DA:10,13
DA:12,2
DA:13,2
LF:9
LH:9
end_of_record
TN:s21_test
SF:/home/brain/Рабочий стол/MAIN/String/C2_s21_stringplus-2/src/CORE/s21_strncmp.c
FN:3,13,s21_strncmp
FNDA:2,s21_strncmp
FNF:1
FNH:1
DA:3,2
DA:4,2
DA:5,2
DA:6,2
DA:7,11
DA:8,9
DA:9,1
DA:12,2
LF:8
LH:8
end_of_record
TN:s21_test
SF:/home/brain/Рабочий стол/MAIN/String/C2_s21_stringplus-2/src/CORE/s21_strncpy.c
FN:3,14,s21_strncpy
FNDA:82,s21_strncpy
FNF:1
FNH:1
DA:3,82
DA:4,82
DA:5,82
DA:6,7984
DA:7,7902
DA:8,466
DA:10,7436
DA:13,82
LF:8
LH:8
end_of_record
TN:s21_test
SF:/home/brain/Рабочий стол/MAIN/String/C2_s21_stringplus-2/src/CORE/s21_strpbrk.c
FN:3,20,s21_strpbrk
FNDA:8,s21_strpbrk
FNF:1
FNH:1
DA:3,8
DA:4,8
DA:5,8
DA:6,8
DA:7,8
DA:8,8
DA:9,2
DA:11,24
DA:12,16
DA:13,14
DA:15,2
DA:16,2
DA:19,8
LF:13
LH:13
end_of_record
TN:s21_test
SF:/home/brain/Рабочий стол/MAIN/String/C2_s21_stringplus-2/src/CORE/s21_strrchr.c
FN:3,14,s21_strrchr
FNDA:8,s21_strrchr
FNF:1
FNH:1
DA:3,8
DA:4,8
DA:5,8
DA:6,8
DA:8,100
DA:9,21
DA:11,100
DA:13,8
LF:8
LH:8
end_of_record
TN:s21_test
SF:/home/brain/Рабочий стол/MAIN/String/C2_s21_stringplus-2/src/CORE/s21_strstr.c
FN:3,24,s21_strstr
FNDA:5,s21_strstr
FNF:1
FNH:1
DA:3,5
DA:4,5
DA:6,5
DA:7,5
DA:8,1
DA:10,29
DA:11,24
DA:12,24
DA:13,38
DA:14,14
DA:15,14
DA:17,24
DA:18,4
DA:19,4
DA:21,24
DA:23,5
LF:16
LH:16
end_of_record
TN:s21_test
SF:/home/brain/Рабочий стол/MAIN/String/C2_s21_stringplus-2/src/CORE/s21_strtok.c
FN:3,45,s21_strtok
FNDA:18,s21_strtok
FNF:1
FNH:1
DA:3,18
DA:6,18
DA:8,18
DA:10,57
DA:11,39
DA:12,8
DA:13,8
DA:17,18
DA:18,2
DA:19,2
DA:20,2
DA:22,18
DA:24,85
DA:25,216
DA:26,149
DA:27,10
DA:28,10
DA:29,10
DA:30,10
DA:31,10
DA:32,10
DA:36,67
DA:37,57
DA:39,57
DA:40,2
DA:44,18
LF:26
LH:26
end_of_record
TN:s21_test
SF:/home/brain/Рабочий стол/MAIN/String/C2_s21_stringplus-2/src/CORE/s21_to_lower.c
FN:3,17,s21_to_lower
FNDA:2,s21_to_lower
FNF:1
FNH:1
DA:3,2
DA:4,2
DA:5,2
DA:6,2
DA:8,2
DA:9,2
DA:10,16
DA:11,14
DA:12,7
DA:16,2
LF:10
LH:10
end_of_record
TN:s21_test
SF:/home/brain/Рабочий стол/MAIN/String/C2_s21_stringplus-2/src/CORE/s21_to_upper.c
FN:3,17,s21_to_upper
FNDA:2,s21_to_upper
FNF:1
FNH:1
DA:3,2
DA:4,2
DA:5,2
DA:6,2
DA:8,2
DA:9,2
DA:10,16
DA:11,14
DA:12,6
DA:16,2
LF:10
LH:10
end_of_record
TN:s21_test
SF:/home/brain/Рабочий стол/MAIN/String/C2_s21_stringplus-2/src/CORE/s21_trim.c
FN:17,30,find_end_index
FN:3,15,find_start_index
FN:32,45,s21_trim
FNDA:2,find_end_index
FNDA:2,find_start_index
FNDA:2,s21_trim
FNF:3
FNH:3
DA:3,2
DA:4,2
DA:5,15
DA:6,13
DA:7,73
DA:8,60
DA:10,13
DA:11,2
DA:14,2
DA:17,2
DA:18,2
DA:19,2
DA:20,14
DA:21,12
DA:22,75
DA:23,63
DA:25,12
DA:26,2
DA:29,2
DA:32,2
DA:33,2
DA:34,2
DA:35,2
DA:36,2
DA:37,2
DA:38,2
DA:39,27
DA:40,25
DA:44,2
LF:29
LH:29
end_of_record
TN:s21_test
SF:/home/brain/Рабочий стол/MAIN/String/C2_s21_stringplus-2/src/TESTS/asd.c
FN:1006,1018,test_s21_sprintf_percent_fn
FN:1021,1033,test_s21_sprintf_scientific_fn
FN:1036,1047,test_s21_sprintf_scientific_upper_fn
FN:104,117,test_s21_strcat_basic_fn
FN:1050,1055,test_s21_float_to_str_simple_fn
FN:1058,1063,test_s21_float_to_str_zero_fn
FN:1066,1074,test_s21_float_to_str_exponential_fn
FN:1077,1087,test_s21_float_to_str_rounding_fn
FN:1090,1116,test_s21_sprintf_sharp_flag_fn
FN:1119,1124,test_s21_float_to_str_exponential_upper_fn
FN:1127,1132,test_s21_float_to_str_precision_fn
FN:1135,1140,test_s21_float_to_str_large_number_fn
FN:1143,1149,test_s21_float_to_str_small_number_fn
FN:1152,1157,test_s21_int_to_str_zero_fn
FN:1160,1165,test_s21_int_to_str_positive_decimal_fn
FN:1168,1173,test_s21_int_to_str_negative_decimal_fn
FN:1176,1181,test_s21_int_to_str_positive_hex_fn
FN:1184,1189,test_s21_int_to_str_positive_hex_upper_fn
FN:1192,1197,test_s21_int_to_str_negative_hex_fn
FN:120,133,test_s21_strcat_empty_src_fn
FN:1200,1205,test_s21_int_to_str_unsigned_fn
FN:1208,1213,test_s21_int_to_str_unsigned_zero_fn
FN:1216,1221,test_s21_int_to_str_large_number_fn
FN:1224,1229,test_s21_int_to_str_large_unsigned_number_fn
FN:1232,1239,test_add_decimal_point_no_dot_fn
FN:1242,1249,test_add_decimal_point_with_dot_fn
FN:1252,1258,test_add_decimal_point_empty_string_fn
FN:1261,1267,test_float_to_fixed_positive_integer_fn
FN:1270,1276,test_float_to_fixed_negative_integer_fn
FN:1279,1285,test_float_to_fixed_positive_with_fraction_fn
FN:1288,1294,test_float_to_fixed_positive_with_fraction2_fn
FN:1297,1303,test_float_to_fixed_negative_with_fraction_fn
FN:1306,1312,test_float_to_fixed_zero_fn
FN:1315,1321,test_float_to_fixed_rounding_down_fn
FN:1324,1330,test_float_to_fixed_large_number_fn
FN:1333,1339,test_float_to_fixed_small_number_fn
FN:1342,1348,test_float_to_fixed_negative_small_number_fn
FN:1351,1355,test_float_to_g_str_small_value_fn
FN:1358,1363,test_float_to_g_str_negative_value_fn
FN:136,149,test_s21_strcat_empty_dest_fn
FN:1366,1371,test_float_to_g_str_high_precision_fn
FN:1374,1380,test_float_to_g_str_no_fraction_fn
FN:1383,1496,main
FN:15,42,s21_memchr_test_fn
FN:152,161,test_s21_strcat_null_src_fn
FN:164,173,test_s21_strcat_null_dest_fn
FN:176,189,test_s21_strcat_both_empty_fn
FN:192,202,test_s21_strncat_fn
FN:205,230,s21_strchr_test_fn
FN:233,243,s21_strncmp_test_fn
FN:246,269,s21_strncpy_test_fn
FN:272,286,test_s21_strcspn_basic_fn
FN:289,303,test_s21_strcspn_no_match_fn
FN:306,320,test_s21_strcspn_full_match_fn
FN:323,337,test_s21_strcspn_empty_str1_fn
FN:340,355,test_s21_strcspn_empty_str2_fn
FN:358,372,test_s21_strcspn_both_empty_fn
FN:375,383,s21_strerror_test_fn
FN:386,402,s21_strlen_test_fn
FN:405,420,test_s21_strpbrk_basic_fn
FN:423,433,test_s21_strpbrk_no_match_fn
FN:436,450,test_s21_strpbrk_full_match_fn
FN:45,64,s21_memcmp_test_fn
FN:453,462,test_s21_strpbrk_empty_str1_fn
FN:465,474,test_s21_strpbrk_empty_str2_fn
FN:477,486,test_s21_strpbrk_both_empty_fn
FN:489,498,test_s21_strpbrk_null_str1_fn
FN:501,511,test_s21_strpbrk_null_str2_fn
FN:514,536,s21_strrchr_test_fn
FN:539,557,s21_strstr_test_fn
FN:560,575,s21_strtok_test_fn
FN:578,593,test_s21_strtok_basic_fn
FN:596,605,test_s21_strtok_empty_string_fn
FN:608,617,test_s21_strtok_only_delimiters_fn
FN:620,635,test_s21_strtok_multiple_delimiters_fn
FN:638,658,test_s21_strtok_repeated_calls_fn
FN:661,677,s21_to_lower_test_fn
FN:67,82,s21_memcpy_test_fn
FN:680,696,s21_to_upper_test_fn
FN:699,716,s21_insert_test_fn
FN:719,735,s21_trim_test_fn
FN:738,751,test_s21_sprintf_simple_string_fn
FN:754,766,test_s21_sprintf_integer_fn
FN:769,782,test_s21_sprintf_character_fn
FN:785,797,test_s21_sprintf_float_fn
FN:800,812,test_s21_sprintf_width_fn
FN:815,826,test_s21_sprintf_precision_fn
FN:829,840,test_s21_sprintf_u1_fn
FN:843,854,test_s21_sprintf_u2_fn
FN:85,101,s21_memset_test_fn
FN:857,868,test_s21_sprintf_u3_fn
FN:871,882,test_s21_sprintf_u4_fn
FN:885,898,test_s21_sprintf_u5_fn
FN:901,913,test_s21_sprintf_plus_flag_fn
FN:916,927,test_s21_sprintf_minus_flag_fn
FN:930,944,test_s21_sprintf_pointer_fn
FN:947,959,test_s21_sprintf_zero_flag_fn
FN:962,974,test_s21_sprintf_string_fn
FN:977,988,test_s21_sprintf_hex_fn
FN:991,1003,test_s21_sprintf_octal_fn
FNDA:1,test_s21_sprintf_percent_fn
FNDA:1,test_s21_sprintf_scientific_fn
FNDA:1,test_s21_sprintf_scientific_upper_fn
FNDA:1,test_s21_strcat_basic_fn
FNDA:1,test_s21_float_to_str_simple_fn
FNDA:1,test_s21_float_to_str_zero_fn
FNDA:1,test_s21_float_to_str_exponential_fn
FNDA:1,test_s21_float_to_str_rounding_fn
FNDA:1,test_s21_sprintf_sharp_flag_fn
FNDA:1,test_s21_float_to_str_exponential_upper_fn
FNDA:1,test_s21_float_to_str_precision_fn
FNDA:1,test_s21_float_to_str_large_number_fn
FNDA:1,test_s21_float_to_str_small_number_fn
FNDA:1,test_s21_int_to_str_zero_fn
FNDA:1,test_s21_int_to_str_positive_decimal_fn
FNDA:1,test_s21_int_to_str_negative_decimal_fn
FNDA:1,test_s21_int_to_str_positive_hex_fn
FNDA:1,test_s21_int_to_str_positive_hex_upper_fn
FNDA:1,test_s21_int_to_str_negative_hex_fn
FNDA:1,test_s21_strcat_empty_src_fn
FNDA:1,test_s21_int_to_str_unsigned_fn
FNDA:1,test_s21_int_to_str_unsigned_zero_fn
FNDA:1,test_s21_int_to_str_large_number_fn
FNDA:1,test_s21_int_to_str_large_unsigned_number_fn
FNDA:1,test_add_decimal_point_no_dot_fn
FNDA:1,test_add_decimal_point_with_dot_fn
FNDA:1,test_add_decimal_point_empty_string_fn
FNDA:1,test_float_to_fixed_positive_integer_fn
FNDA:1,test_float_to_fixed_negative_integer_fn
FNDA:1,test_float_to_fixed_positive_with_fraction_fn
FNDA:1,test_float_to_fixed_positive_with_fraction2_fn
FNDA:1,test_float_to_fixed_negative_with_fraction_fn
FNDA:1,test_float_to_fixed_zero_fn
FNDA:1,test_float_to_fixed_rounding_down_fn
FNDA:1,test_float_to_fixed_large_number_fn
FNDA:1,test_float_to_fixed_small_number_fn
FNDA:1,test_float_to_fixed_negative_small_number_fn
FNDA:1,test_float_to_g_str_small_value_fn
FNDA:1,test_float_to_g_str_negative_value_fn
FNDA:1,test_s21_strcat_empty_dest_fn
FNDA:1,test_float_to_g_str_high_precision_fn
FNDA:1,test_float_to_g_str_no_fraction_fn
FNDA:100,main
FNDA:1,s21_memchr_test_fn
FNDA:1,test_s21_strcat_null_src_fn
FNDA:1,test_s21_strcat_null_dest_fn
FNDA:1,test_s21_strcat_both_empty_fn
FNDA:1,test_s21_strncat_fn
FNDA:1,s21_strchr_test_fn
FNDA:1,s21_strncmp_test_fn
FNDA:1,s21_strncpy_test_fn
FNDA:1,test_s21_strcspn_basic_fn
FNDA:1,test_s21_strcspn_no_match_fn
FNDA:1,test_s21_strcspn_full_match_fn
FNDA:1,test_s21_strcspn_empty_str1_fn
FNDA:1,test_s21_strcspn_empty_str2_fn
FNDA:1,test_s21_strcspn_both_empty_fn
FNDA:1,s21_strerror_test_fn
FNDA:1,s21_strlen_test_fn
FNDA:1,test_s21_strpbrk_basic_fn
FNDA:1,test_s21_strpbrk_no_match_fn
FNDA:1,test_s21_strpbrk_full_match_fn
FNDA:1,s21_memcmp_test_fn
FNDA:1,test_s21_strpbrk_empty_str1_fn
FNDA:1,test_s21_strpbrk_empty_str2_fn
FNDA:1,test_s21_strpbrk_both_empty_fn
FNDA:1,test_s21_strpbrk_null_str1_fn
FNDA:1,test_s21_strpbrk_null_str2_fn
FNDA:1,s21_strrchr_test_fn
FNDA:1,s21_strstr_test_fn
FNDA:1,s21_strtok_test_fn
FNDA:1,test_s21_strtok_basic_fn
FNDA:1,test_s21_strtok_empty_string_fn
FNDA:1,test_s21_strtok_only_delimiters_fn
FNDA:1,test_s21_strtok_multiple_delimiters_fn
FNDA:1,test_s21_strtok_repeated_calls_fn
FNDA:1,s21_to_lower_test_fn
FNDA:1,s21_memcpy_test_fn
FNDA:1,s21_to_upper_test_fn
FNDA:1,s21_insert_test_fn
FNDA:1,s21_trim_test_fn
FNDA:1,test_s21_sprintf_simple_string_fn
FNDA:1,test_s21_sprintf_integer_fn
FNDA:1,test_s21_sprintf_character_fn
FNDA:1,test_s21_sprintf_float_fn
FNDA:1,test_s21_sprintf_width_fn
FNDA:1,test_s21_sprintf_precision_fn
FNDA:1,test_s21_sprintf_u1_fn
FNDA:1,test_s21_sprintf_u2_fn
FNDA:1,s21_memset_test_fn
FNDA:1,test_s21_sprintf_u3_fn
FNDA:1,test_s21_sprintf_u4_fn
FNDA:1,test_s21_sprintf_u5_fn
FNDA:1,test_s21_sprintf_plus_flag_fn
FNDA:1,test_s21_sprintf_minus_flag_fn
FNDA:1,test_s21_sprintf_pointer_fn
FNDA:1,test_s21_sprintf_zero_flag_fn
FNDA:1,test_s21_sprintf_string_fn
FNDA:1,test_s21_sprintf_hex_fn
FNDA:1,test_s21_sprintf_octal_fn
FNF:100
FNH:100
DA:15,1
DA:17,1
DA:18,1
DA:19,1
DA:20,1
DA:21,1
DA:22,1
DA:23,1
DA:24,1
DA:25,1
DA:26,1
DA:28,1
DA:30,1
DA:32,1
DA:34,1
DA:36,1
DA:38,1
DA:42,1
DA:45,1
DA:47,1
DA:48,1
DA:49,1
DA:50,1
DA:51,1
DA:52,1
DA:54,1
DA:56,1
DA:58,1
DA:60,1
DA:64,1
DA:67,1
DA:69,1
DA:70,1
DA:71,1
DA:72,1
DA:73,1
DA:74,1
DA:75,1
DA:76,1
DA:77,1
DA:78,1
DA:79,1
DA:82,1
DA:85,1
DA:87,1
DA:88,1
DA:89,1
DA:91,1
DA:93,1
DA:95,1
DA:97,1
DA:101,1
DA:104,1
DA:106,1
DA:107,1
DA:108,1
DA:110,1
DA:111,1
DA:112,1
DA:114,1
DA:117,1
DA:120,1
DA:122,1
DA:123,1
DA:124,1
DA:126,1
DA:127,1
DA:128,1
DA:130,1
DA:133,1
DA:136,1
DA:138,1
DA:139,1
DA:140,1
DA:142,1
DA:143,1
DA:144,1
DA:146,1
DA:149,1
DA:152,1
DA:154,1
DA:155,1
DA:157,1
DA:158,1
DA:161,1
DA:164,1
DA:166,1
DA:167,1
DA:169,1
DA:170,1
DA:173,1
DA:176,1
DA:178,1
DA:179,1
DA:180,1
DA:182,1
DA:183,1
DA:184,1
DA:186,1
DA:189,1
DA:192,1
DA:194,1
DA:195,1
DA:196,1
DA:197,1
DA:198,1
DA:199,1
DA:202,1
DA:205,1
DA:207,1
DA:208,1
DA:209,1
DA:211,1
DA:212,1
DA:213,1
DA:215,1
DA:216,1
DA:218,1
DA:219,1
DA:220,1
DA:222,1
DA:223,1
DA:224,1
DA:226,1
DA:227,1
DA:230,1
DA:233,1
DA:235,1
DA:236,1
DA:237,1
DA:239,1
DA:243,1
DA:246,1
DA:248,1
DA:249,1
DA:250,1
DA:251,1
DA:253,1
DA:254,1
DA:256,1
DA:258,1
DA:259,1
DA:260,1
DA:261,1
DA:263,1
DA:264,1
DA:266,1
DA:269,1
DA:272,1
DA:274,1
DA:275,1
DA:277,1
DA:279,1
DA:280,1
DA:282,1
DA:284,1
DA:286,1
DA:289,1
DA:291,1
DA:292,1
DA:294,1
DA:296,1
DA:297,1
DA:299,1
DA:301,1
DA:303,1
DA:306,1
DA:308,1
DA:309,1
DA:311,1
DA:313,1
DA:314,1
DA:316,1
DA:318,1
DA:320,1
DA:323,1
DA:325,1
DA:326,1
DA:328,1
DA:330,1
DA:331,1
DA:333,1
DA:335,1
DA:337,1
DA:340,1
DA:342,1
DA:343,1
DA:345,1
DA:347,1
DA:348,1
DA:350,1
DA:352,1
DA:355,1
DA:358,1
DA:360,1
DA:361,1
DA:363,1
DA:365,1
DA:366,1
DA:368,1
DA:370,1
DA:372,1
DA:375,1
DA:377,1
DA:378,1
DA:379,1
DA:380,1
DA:383,1
DA:386,1
DA:388,1
DA:389,1
DA:390,1
DA:391,1
DA:392,1
DA:393,1
DA:394,1
DA:395,1
DA:396,1
DA:397,1
DA:398,1
DA:399,1
DA:402,1
DA:405,1
DA:407,1
DA:408,1
DA:410,1
DA:412,1
DA:413,1
DA:415,1
DA:417,1
DA:420,1
DA:423,1
DA:425,1
DA:426,1
DA:428,1
DA:430,1
DA:433,1
DA:436,1
DA:438,1
DA:439,1
DA:441,1
DA:443,1
DA:444,1
DA:446,1
DA:448,1
DA:450,1
DA:453,1
DA:455,1
DA:456,1
DA:458,1
DA:459,1
DA:462,1
DA:465,1
DA:467,1
DA:468,1
DA:470,1
DA:471,1
DA:474,1
DA:477,1
DA:479,1
DA:480,1
DA:482,1
DA:483,1
DA:486,1
DA:489,1
DA:491,1
DA:492,1
DA:494,1
DA:495,1
DA:498,1
DA:501,1
DA:503,1
DA:504,1
DA:506,1
DA:507,1
DA:511,1
DA:514,1
DA:516,1
DA:517,1
DA:518,1
DA:519,1
DA:521,1
DA:523,1
DA:525,1
DA:527,1
DA:529,1
DA:531,1
DA:533,1
DA:536,1
DA:539,1
DA:541,1
DA:542,1
DA:543,1
DA:544,1
DA:545,1
DA:546,1
DA:547,1
DA:548,1
DA:550,1
DA:551,1
DA:552,1
DA:553,1
DA:554,1
DA:557,1
DA:560,1
DA:562,1
DA:563,1
DA:564,1
DA:565,1
DA:566,1
DA:567,1
DA:568,6
DA:569,5
DA:570,5
DA:571,5
DA:575,1
DA:578,1
DA:580,1
DA:583,1
DA:584,1
DA:586,1
DA:587,1
DA:589,1
DA:590,1
DA:593,1
DA:596,1
DA:598,1
DA:601,1
DA:602,1
DA:605,1
DA:608,1
DA:610,1
DA:613,1
DA:614,1
DA:617,1
DA:620,1
DA:622,1
DA:625,1
DA:626,1
DA:628,1
DA:629,1
DA:631,1
DA:632,1
DA:635,1
DA:638,1
DA:640,1
DA:643,1
DA:644,1
DA:646,1
DA:647,1
DA:649,1
DA:650,1
DA:652,1
DA:653,1
DA:658,1
DA:661,1
DA:663,1
DA:664,1
DA:665,1
DA:666,1
DA:667,1
DA:668,1
DA:670,1
DA:671,1
DA:672,1
DA:673,1
DA:677,1
DA:680,1
DA:682,1
DA:683,1
DA:684,1
DA:685,1
DA:686,1
DA:687,1
DA:689,1
DA:690,1
DA:691,1
DA:692,1
DA:696,1
DA:699,1
DA:701,1
DA:702,1
DA:703,1
DA:704,1
DA:705,1
DA:706,1
DA:708,1
DA:709,1
DA:710,1
DA:711,1
DA:712,1
DA:713,1
DA:716,1
DA:719,1
DA:721,1
DA:722,1
DA:723,1
DA:724,1
DA:725,1
DA:726,1
DA:727,1
DA:729,1
DA:730,1
DA:731,1
DA:732,1
DA:735,1
DA:738,1
DA:741,1
DA:744,1
DA:746,1
DA:747,1
DA:751,1
DA:754,1
DA:757,1
DA:760,1
DA:762,1
DA:763,1
DA:766,1
DA:769,1
DA:772,1
DA:775,1
DA:777,1
DA:778,1
DA:782,1
DA:785,1
DA:788,1
DA:791,1
DA:793,1
DA:794,1
DA:797,1
DA:800,1
DA:803,1
DA:806,1
DA:808,1
DA:809,1
DA:812,1
DA:815,1
DA:818,1
DA:821,1
DA:823,1
DA:824,1
DA:826,1
DA:829,1
DA:832,1
DA:835,1
DA:837,1
DA:838,1
DA:840,1
DA:843,1
DA:846,1
DA:849,1
DA:851,1
DA:852,1
DA:854,1
DA:857,1
DA:860,1
DA:863,1
DA:865,1
DA:866,1
DA:868,1
DA:871,1
DA:874,1
DA:877,1
DA:879,1
DA:880,1
DA:882,1
DA:885,1
DA:888,1
DA:891,1
DA:893,1
DA:894,1
DA:898,1
DA:901,1
DA:904,1
DA:907,1
DA:909,1
DA:910,1
DA:913,1
DA:916,1
DA:919,1
DA:922,1
DA:924,1
DA:925,1
DA:927,1
DA:930,1
DA:933,1
DA:934,1
DA:937,1
DA:938,1
DA:940,1
DA:941,1
DA:944,1
DA:947,1
DA:950,1
DA:953,1
DA:955,1
DA:956,1
DA:959,1
DA:962,1
DA:965,1
DA:968,1
DA:970,1
DA:971,1
DA:974,1
DA:977,1
DA:980,1
DA:983,1
DA:985,1
DA:986,1
DA:988,1
DA:991,1
DA:994,1
DA:997,1
DA:999,1
DA:1000,1
DA:1003,1
DA:1006,1
DA:1009,1
DA:1012,1
DA:1014,1
DA:1015,1
DA:1018,1
DA:1021,1
DA:1024,1
DA:1027,1
DA:1029,1
DA:1030,1
DA:1033,1
DA:1036,1
DA:1039,1
DA:1042,1
DA:1044,1
DA:1045,1
DA:1047,1
DA:1050,1
DA:1052,1
DA:1053,1
DA:1055,1
DA:1058,1
DA:1060,1
DA:1061,1
DA:1063,1
DA:1066,1
DA:1068,1
DA:1069,1
DA:1071,1
DA:1072,1
DA:1074,1
DA:1077,1
DA:1081,1
DA:1082,1
DA:1084,1
DA:1085,1
DA:1087,1
DA:1090,1
DA:1093,1
DA:1096,1
DA:1098,1
DA:1099,1
DA:1102,1
DA:1103,1
DA:1105,1
DA:1106,1
DA:1109,1
DA:1110,1
DA:1112,1
DA:1113,1
DA:1116,1
DA:1119,1
DA:1121,1
DA:1122,1
DA:1124,1
DA:1127,1
DA:1129,1
DA:1130,1
DA:1132,1
DA:1135,1
DA:1137,1
DA:1138,1
DA:1140,1
DA:1143,1
DA:1145,1
DA:1146,1
DA:1149,1
DA:1152,1
DA:1154,1
DA:1155,1
DA:1157,1
DA:1160,1
DA:1162,1
DA:1163,1
DA:1165,1
DA:1168,1
DA:1170,1
DA:1171,1
DA:1173,1
DA:1176,1
DA:1178,1
DA:1179,1
DA:1181,1
DA:1184,1
DA:1186,1
DA:1187,1
DA:1189,1
DA:1192,1
DA:1194,1
DA:1195,1
DA:1197,1
DA:1200,1
DA:1202,1
DA:1203,1
DA:1205,1
DA:1208,1
DA:1210,1
DA:1211,1
DA:1213,1
DA:1216,1
DA:1218,1
DA:1219,1
DA:1221,1
DA:1224,1
DA:1226,1
DA:1227,1
DA:1229,1
DA:1232,1
DA:1234,1
DA:1235,1
DA:1236,1
DA:1239,1
DA:1242,1
DA:1244,1
DA:1245,1
DA:1246,1
DA:1249,1
DA:1252,1
DA:1254,1
DA:1255,1
DA:1256,1
DA:1258,1
DA:1261,1
DA:1264,1
DA:1265,1
DA:1267,1
DA:1270,1
DA:1273,1
DA:1274,1
DA:1276,1
DA:1279,1
DA:1282,1
DA:1283,1
DA:1285,1
DA:1288,1
DA:1291,1
DA:1292,1
DA:1294,1
DA:1297,1
DA:1300,1
DA:1301,1
DA:1303,1
DA:1306,1
DA:1309,1
DA:1310,1
DA:1312,1
DA:1315,1
DA:1318,1
DA:1319,1
DA:1321,1
DA:1324,1
DA:1327,1
DA:1328,1
DA:1330,1
DA:1333,1
DA:1336,1
DA:1337,1
DA:1339,1
DA:1342,1
DA:1345,1
DA:1346,1
DA:1348,1
DA:1351,1
DA:1353,1
DA:1354,1
DA:1355,1
DA:1358,1
DA:1360,1
DA:1361,1
DA:1363,1
DA:1366,1
DA:1368,1
DA:1369,1
DA:1371,1
DA:1374,1
DA:1376,1
DA:1377,1
DA:1380,1
DA:1383,100
DA:1385,100
DA:1386,100
DA:1387,100
DA:1390,100
DA:1391,100
DA:1392,100
DA:1393,100
DA:1394,100
DA:1395,100
DA:1396,100
DA:1397,100
DA:1398,100
DA:1399,100
DA:1400,100
DA:1401,100
DA:1402,100
DA:1403,100
DA:1404,100
DA:1405,100
DA:1406,100
DA:1407,100
DA:1408,100
DA:1409,100
DA:1410,100
DA:1411,100
DA:1412,100
DA:1413,100
DA:1414,100
DA:1415,100
DA:1416,100
DA:1417,100
DA:1418,100
DA:1419,100
DA:1420,100
DA:1421,100
DA:1422,100
DA:1423,100
DA:1424,100
DA:1425,100
DA:1426,100
DA:1427,100
DA:1428,100
DA:1429,100
DA:1430,100
DA:1431,100
DA:1432,100
DA:1433,100
DA:1434,100
DA:1435,100
DA:1436,100
DA:1437,100
DA:1438,100
DA:1439,100
DA:1440,100
DA:1441,100
DA:1442,100
DA:1443,100
DA:1444,100
DA:1445,100
DA:1446,100
DA:1447,100
DA:1448,100
DA:1449,100
DA:1450,100
DA:1451,100
DA:1452,100
DA:1453,100
DA:1454,100
DA:1455,100
DA:1456,100
DA:1457,100
DA:1458,100
DA:1459,100
DA:1460,100
DA:1461,100
DA:1462,100
DA:1463,100
DA:1464,100
DA:1465,100
DA:1466,100
DA:1467,100
DA:1468,100
DA:1469,100
DA:1470,100
DA:1471,100
DA:1472,100
DA:1473,100
DA:1474,100
DA:1475,100
DA:1476,100
DA:1477,100
DA:1478,100
DA:1479,100
DA:1480,100
DA:1481,100
DA:1482,100
DA:1483,100
DA:1484,100
DA:1485,100
DA:1486,100
DA:1487,100
DA:1488,100
DA:1489,100
DA:1491,100
DA:1492,1
DA:1493,1
DA:1495,1
LF:803
LH:803
end_of_record
